  Compiling CUDA source file kernel.cu...
  
  D:\Ku_Leuven\2023-2024\Geavanceerde_computerarchitectuur\GCA_labs\Project\KMeans\Kmeans>"C:\Program Files\NVIDIA GPU Computing Toolkit\CUDA\v12.3\bin\nvcc.exe" -gencode=arch=compute_52,code=\"sm_52,compute_52\" --use-local-env -ccbin "C:\Program Files\Microsoft Visual Studio\2022\Community\VC\Tools\MSVC\14.38.33130\bin\HostX64\x64" -x cu   -I"C:\Program Files\NVIDIA GPU Computing Toolkit\CUDA\v12.3\include" -I"C:\Program Files\NVIDIA GPU Computing Toolkit\CUDA\v12.3\include"  -G   --keep-dir x64\Debug  -maxrregcount=0   --machine 64 --compile -cudart static  -g  -DWIN32 -DWIN64 -D_DEBUG -D_CONSOLE -D_MBCS -Xcompiler "/EHsc /W3 /nologo /Od /FS /Zi /RTC1 /MDd " -Xcompiler "/Fdx64\Debug\vc143.pdb" -o D:\Ku_Leuven\2023-2024\Geavanceerde_computerarchitectuur\GCA_labs\Project\KMeans\Kmeans\x64\Debug\kernel.cu.obj "D:\Ku_Leuven\2023-2024\Geavanceerde_computerarchitectuur\GCA_labs\Project\KMeans\Kmeans\kernel.cu" 
D:\Ku_Leuven\2023-2024\Geavanceerde_computerarchitectuur\GCA_labs\Project\KMeans\Kmeans\kernel.cu(419): warning #221-D: floating-point value does not fit in required floating-point type
    		locations->at(i).minDistance = 1.7976931348623158e+308;
    		                               ^
  
  Remark: The warnings can be suppressed with "-diag-suppress <warning-number>"
  
D:\Ku_Leuven\2023-2024\Geavanceerde_computerarchitectuur\GCA_labs\Project\KMeans\Kmeans\kernel.cu(425): warning #221-D: floating-point value does not fit in required floating-point type
            locations->at(i).minDistance = 1.7976931348623158e+308;
                                           ^
  
D:\Ku_Leuven\2023-2024\Geavanceerde_computerarchitectuur\GCA_labs\Project\KMeans\Kmeans\kernel.cu(419): warning #221-D: floating-point value does not fit in required floating-point type
    		locations->at(i).minDistance = 1.7976931348623158e+308;
    		                               ^
  
  Remark: The warnings can be suppressed with "-diag-suppress <warning-number>"
  
D:\Ku_Leuven\2023-2024\Geavanceerde_computerarchitectuur\GCA_labs\Project\KMeans\Kmeans\kernel.cu(425): warning #221-D: floating-point value does not fit in required floating-point type
            locations->at(i).minDistance = 1.7976931348623158e+308;
                                           ^
  
  kernel.cu
  tmpxft_00000600_00000000-7_kernel.cudafe1.cpp
D:\Ku_Leuven\2023-2024\Geavanceerde_computerarchitectuur\GCA_labs\Project\KMeans\Kmeans\kernel.cu(160): warning C4267: 'initializing': conversion from 'size_t' to 'int', possible loss of data
D:\Ku_Leuven\2023-2024\Geavanceerde_computerarchitectuur\GCA_labs\Project\KMeans\Kmeans\kernel.cu(163): warning C4267: 'argument': conversion from 'size_t' to 'int', possible loss of data
D:\Ku_Leuven\2023-2024\Geavanceerde_computerarchitectuur\GCA_labs\Project\KMeans\Kmeans\kernel.cu(163): warning C4267: 'argument': conversion from 'size_t' to 'int', possible loss of data
D:\Ku_Leuven\2023-2024\Geavanceerde_computerarchitectuur\GCA_labs\Project\KMeans\Kmeans\kernel.cu(214): warning C4267: 'initializing': conversion from 'size_t' to 'int', possible loss of data
D:\Ku_Leuven\2023-2024\Geavanceerde_computerarchitectuur\GCA_labs\Project\KMeans\Kmeans\kernel.cu(217): warning C4267: 'argument': conversion from 'size_t' to 'int', possible loss of data
D:\Ku_Leuven\2023-2024\Geavanceerde_computerarchitectuur\GCA_labs\Project\KMeans\Kmeans\kernel.cu(217): warning C4267: 'argument': conversion from 'size_t' to 'int', possible loss of data
D:\Ku_Leuven\2023-2024\Geavanceerde_computerarchitectuur\GCA_labs\Project\KMeans\Kmeans\kernel.cu(383): warning C4267: 'initializing': conversion from 'size_t' to 'int', possible loss of data
D:\Ku_Leuven\2023-2024\Geavanceerde_computerarchitectuur\GCA_labs\Project\KMeans\Kmeans\kernel.cu(419): warning C4056: overflow in floating-point constant arithmetic
D:\Ku_Leuven\2023-2024\Geavanceerde_computerarchitectuur\GCA_labs\Project\KMeans\Kmeans\kernel.cu(425): warning C4056: overflow in floating-point constant arithmetic
D:\Ku_Leuven\2023-2024\Geavanceerde_computerarchitectuur\GCA_labs\Project\KMeans\Kmeans\kernel.cu(482): warning C4267: 'argument': conversion from 'size_t' to 'int', possible loss of data
D:\Ku_Leuven\2023-2024\Geavanceerde_computerarchitectuur\GCA_labs\Project\KMeans\Kmeans\kernel.cu(296): warning C4715: 'calculateCentersumsGPU': not all control paths return a value
     Creating library D:\Ku_Leuven\2023-2024\Geavanceerde_computerarchitectuur\GCA_labs\Project\KMeans\x64\Debug\Kmeans.lib and object D:\Ku_Leuven\2023-2024\Geavanceerde_computerarchitectuur\GCA_labs\Project\KMeans\x64\Debug\Kmeans.exp
LINK : warning LNK4098: defaultlib 'LIBCMT' conflicts with use of other libs; use /NODEFAULTLIB:library
  Kmeans.vcxproj -> D:\Ku_Leuven\2023-2024\Geavanceerde_computerarchitectuur\GCA_labs\Project\KMeans\x64\Debug\Kmeans.exe
